<?xml version="1.0" encoding="UTF-8"?>
<coverage generated="1514998429104" clover="3.2.0">
  <project timestamp="1514998429104" name="All files">
    <metrics statements="113" coveredstatements="86" conditionals="74" coveredconditionals="42" methods="24" coveredmethods="13" elements="211" coveredelements="141" complexity="0" loc="113" ncloc="113" packages="5" files="23" classes="23">
      <package name="components.general">
        <metrics statements="10" coveredstatements="10" conditionals="8" coveredconditionals="6" methods="2" coveredmethods="2"/>
        <file name="Error.js" path="/Users/dave/repos/github/dwmkerr/gameboard-app/src/components/general/Error.js">
          <metrics statements="5" coveredstatements="5" conditionals="2" coveredconditionals="2" methods="1" coveredmethods="1"/>
          <line num="21" count="1" type="stmt"/>
          <line num="22" count="2" type="stmt"/>
          <line num="42" count="1" type="stmt"/>
          <line num="43" count="1" type="stmt"/>
          <line num="44" count="1" type="stmt"/>
        </file>
        <file name="Loading.js" path="/Users/dave/repos/github/dwmkerr/gameboard-app/src/components/general/Loading.js">
          <metrics statements="5" coveredstatements="5" conditionals="6" coveredconditionals="4" methods="1" coveredmethods="1"/>
          <line num="20" count="1" type="stmt"/>
          <line num="21" count="2" type="stmt"/>
          <line num="40" count="1" type="stmt"/>
          <line num="41" count="1" type="stmt"/>
          <line num="42" count="1" type="stmt"/>
        </file>
      </package>
      <package name="components.ui">
        <metrics statements="79" coveredstatements="54" conditionals="48" coveredconditionals="25" methods="16" coveredmethods="5"/>
        <file name="Alerts.js" path="/Users/dave/repos/github/dwmkerr/gameboard-app/src/components/ui/Alerts.js">
          <metrics statements="6" coveredstatements="6" conditionals="6" coveredconditionals="6" methods="1" coveredmethods="1"/>
          <line num="24" count="4" type="stmt"/>
          <line num="66" count="4" type="stmt"/>
          <line num="67" count="4" type="stmt"/>
          <line num="106" count="4" type="stmt"/>
          <line num="112" count="4" type="stmt"/>
          <line num="118" count="4" type="stmt"/>
        </file>
        <file name="Card.js" path="/Users/dave/repos/github/dwmkerr/gameboard-app/src/components/ui/Card.js">
          <metrics statements="7" coveredstatements="0" conditionals="4" coveredconditionals="0" methods="2" coveredmethods="0"/>
          <line num="36" count="0" type="stmt"/>
          <line num="52" count="0" type="cond" truecount="0" falsecount="2"/>
          <line num="53" count="0" type="stmt"/>
          <line num="56" count="0" type="cond" truecount="0" falsecount="2"/>
          <line num="57" count="0" type="stmt"/>
          <line num="60" count="0" type="stmt"/>
          <line num="63" count="0" type="stmt"/>
        </file>
        <file name="FormInput.js" path="/Users/dave/repos/github/dwmkerr/gameboard-app/src/components/ui/FormInput.js">
          <metrics statements="8" coveredstatements="7" conditionals="6" coveredconditionals="3" methods="2" coveredmethods="1"/>
          <line num="6" count="5" type="stmt"/>
          <line num="16" count="1" type="stmt"/>
          <line num="17" count="1" type="cond" truecount="1" falsecount="1"/>
          <line num="19" count="1" type="stmt"/>
          <line num="20" count="0" type="stmt"/>
          <line num="26" count="1" type="stmt"/>
          <line num="37" count="5" type="stmt"/>
          <line num="48" count="5" type="stmt"/>
        </file>
        <file name="FormValidationMessage.js" path="/Users/dave/repos/github/dwmkerr/gameboard-app/src/components/ui/FormValidationMessage.js">
          <metrics statements="7" coveredstatements="0" conditionals="4" coveredconditionals="0" methods="2" coveredmethods="0"/>
          <line num="36" count="0" type="stmt"/>
          <line num="46" count="0" type="cond" truecount="0" falsecount="2"/>
          <line num="47" count="0" type="stmt"/>
          <line num="50" count="0" type="cond" truecount="0" falsecount="2"/>
          <line num="51" count="0" type="stmt"/>
          <line num="54" count="0" type="stmt"/>
          <line num="57" count="0" type="stmt"/>
        </file>
        <file name="GameRankZone.js" path="/Users/dave/repos/github/dwmkerr/gameboard-app/src/components/ui/GameRankZone.js">
          <metrics statements="8" coveredstatements="4" conditionals="2" coveredconditionals="0" methods="1" coveredmethods="0"/>
          <line num="12" count="4" type="stmt"/>
          <line num="27" count="4" type="stmt"/>
          <line num="28" count="0" type="stmt"/>
          <line num="29" count="0" type="stmt"/>
          <line num="31" count="0" type="cond" truecount="0" falsecount="2"/>
          <line num="35" count="0" type="stmt"/>
          <line num="46" count="4" type="stmt"/>
          <line num="51" count="4" type="stmt"/>
        </file>
        <file name="JumboButton.js" path="/Users/dave/repos/github/dwmkerr/gameboard-app/src/components/ui/JumboButton.js">
          <metrics statements="5" coveredstatements="4" conditionals="0" coveredconditionals="0" methods="1" coveredmethods="0"/>
          <line num="14" count="4" type="stmt"/>
          <line num="34" count="4" type="stmt"/>
          <line num="35" count="0" type="stmt"/>
          <line num="47" count="4" type="stmt"/>
          <line num="53" count="4" type="stmt"/>
        </file>
        <file name="Player.js" path="/Users/dave/repos/github/dwmkerr/gameboard-app/src/components/ui/Player.js">
          <metrics statements="5" coveredstatements="4" conditionals="2" coveredconditionals="0" methods="1" coveredmethods="0"/>
          <line num="6" count="4" type="stmt"/>
          <line num="33" count="4" type="stmt"/>
          <line num="34" count="0" type="stmt"/>
          <line num="48" count="4" type="stmt"/>
          <line num="59" count="4" type="stmt"/>
        </file>
        <file name="PlayerButton.js" path="/Users/dave/repos/github/dwmkerr/gameboard-app/src/components/ui/PlayerButton.js">
          <metrics statements="5" coveredstatements="4" conditionals="0" coveredconditionals="0" methods="1" coveredmethods="0"/>
          <line num="6" count="4" type="stmt"/>
          <line num="14" count="4" type="stmt"/>
          <line num="15" count="0" type="stmt"/>
          <line num="20" count="4" type="stmt"/>
          <line num="25" count="4" type="stmt"/>
        </file>
        <file name="RankedPlayer.js" path="/Users/dave/repos/github/dwmkerr/gameboard-app/src/components/ui/RankedPlayer.js">
          <metrics statements="5" coveredstatements="4" conditionals="4" coveredconditionals="0" methods="1" coveredmethods="0"/>
          <line num="12" count="4" type="stmt"/>
          <line num="23" count="4" type="stmt"/>
          <line num="24" count="0" type="stmt"/>
          <line num="55" count="4" type="stmt"/>
          <line num="61" count="4" type="stmt"/>
        </file>
        <file name="Spacer.js" path="/Users/dave/repos/github/dwmkerr/gameboard-app/src/components/ui/Spacer.js">
          <metrics statements="5" coveredstatements="5" conditionals="0" coveredconditionals="0" methods="1" coveredmethods="1"/>
          <line num="14" count="4" type="stmt"/>
          <line num="15" count="9" type="stmt"/>
          <line num="25" count="4" type="stmt"/>
          <line num="26" count="4" type="stmt"/>
          <line num="27" count="4" type="stmt"/>
        </file>
        <file name="Text.js" path="/Users/dave/repos/github/dwmkerr/gameboard-app/src/components/ui/Text.js">
          <metrics statements="12" coveredstatements="12" conditionals="16" coveredconditionals="16" methods="2" coveredmethods="2"/>
          <line num="47" count="14" type="stmt"/>
          <line num="52" count="14" type="cond" truecount="2" falsecount="0"/>
          <line num="53" count="14" type="cond" truecount="2" falsecount="0"/>
          <line num="54" count="14" type="cond" truecount="2" falsecount="0"/>
          <line num="55" count="14" type="cond" truecount="2" falsecount="0"/>
          <line num="56" count="14" type="cond" truecount="2" falsecount="0"/>
          <line num="57" count="14" type="cond" truecount="2" falsecount="0"/>
          <line num="58" count="14" type="cond" truecount="2" falsecount="0"/>
          <line num="60" count="14" type="cond" truecount="2" falsecount="0"/>
          <line num="61" count="5" type="stmt"/>
          <line num="64" count="14" type="stmt"/>
          <line num="67" count="14" type="stmt"/>
        </file>
        <file name="WizardPage.js" path="/Users/dave/repos/github/dwmkerr/gameboard-app/src/components/ui/WizardPage.js">
          <metrics statements="6" coveredstatements="4" conditionals="4" coveredconditionals="0" methods="1" coveredmethods="0"/>
          <line num="6" count="4" type="stmt"/>
          <line num="29" count="4" type="stmt"/>
          <line num="36" count="0" type="stmt"/>
          <line num="37" count="0" type="stmt"/>
          <line num="62" count="4" type="stmt"/>
          <line num="70" count="4" type="stmt"/>
        </file>
        <file name="index.js" path="/Users/dave/repos/github/dwmkerr/gameboard-app/src/components/ui/index.js">
          <metrics statements="0" coveredstatements="0" conditionals="0" coveredconditionals="0" methods="0" coveredmethods="0"/>
        </file>
      </package>
      <package name="redux.router">
        <metrics statements="4" coveredstatements="3" conditionals="3" coveredconditionals="2" methods="1" coveredmethods="1"/>
        <file name="reducer.js" path="/Users/dave/repos/github/dwmkerr/gameboard-app/src/redux/router/reducer.js">
          <metrics statements="4" coveredstatements="3" conditionals="3" coveredconditionals="2" methods="1" coveredmethods="1"/>
          <line num="10" count="1" type="stmt"/>
          <line num="15" count="1" type="cond" truecount="1" falsecount="1"/>
          <line num="18" count="0" type="stmt"/>
          <line num="26" count="1" type="stmt"/>
        </file>
      </package>
      <package name="redux.sidemenu">
        <metrics statements="9" coveredstatements="8" conditionals="5" coveredconditionals="3" methods="4" coveredmethods="4"/>
        <file name="actions.js" path="/Users/dave/repos/github/dwmkerr/gameboard-app/src/redux/sidemenu/actions.js">
          <metrics statements="3" coveredstatements="3" conditionals="0" coveredconditionals="0" methods="3" coveredmethods="3"/>
          <line num="9" count="2" type="stmt"/>
          <line num="15" count="2" type="stmt"/>
          <line num="21" count="2" type="stmt"/>
        </file>
        <file name="reducer.js" path="/Users/dave/repos/github/dwmkerr/gameboard-app/src/redux/sidemenu/reducer.js">
          <metrics statements="6" coveredstatements="5" conditionals="5" coveredconditionals="3" methods="1" coveredmethods="1"/>
          <line num="9" count="1" type="stmt"/>
          <line num="15" count="3" type="cond" truecount="3" falsecount="1"/>
          <line num="17" count="1" type="stmt"/>
          <line num="22" count="1" type="stmt"/>
          <line num="27" count="1" type="stmt"/>
          <line num="32" count="0" type="stmt"/>
        </file>
      </package>
      <package name="theme">
        <metrics statements="11" coveredstatements="11" conditionals="10" coveredconditionals="6" methods="1" coveredmethods="1"/>
        <file name="colors.js" path="/Users/dave/repos/github/dwmkerr/gameboard-app/src/theme/colors.js">
          <metrics statements="5" coveredstatements="5" conditionals="0" coveredconditionals="0" methods="0" coveredmethods="0"/>
          <line num="8" count="4" type="stmt"/>
          <line num="14" count="4" type="stmt"/>
          <line num="21" count="4" type="stmt"/>
          <line num="28" count="4" type="stmt"/>
          <line num="32" count="4" type="stmt"/>
        </file>
        <file name="fonts.js" path="/Users/dave/repos/github/dwmkerr/gameboard-app/src/theme/fonts.js">
          <metrics statements="3" coveredstatements="3" conditionals="2" coveredconditionals="2" methods="1" coveredmethods="1"/>
          <line num="10" count="20" type="cond" truecount="2" falsecount="0"/>
          <line num="11" count="20" type="stmt"/>
          <line num="14" count="4" type="stmt"/>
        </file>
        <file name="index.js" path="/Users/dave/repos/github/dwmkerr/gameboard-app/src/theme/index.js">
          <metrics statements="0" coveredstatements="0" conditionals="0" coveredconditionals="0" methods="0" coveredmethods="0"/>
        </file>
        <file name="sizes.js" path="/Users/dave/repos/github/dwmkerr/gameboard-app/src/theme/sizes.js">
          <metrics statements="3" coveredstatements="3" conditionals="8" coveredconditionals="4" methods="0" coveredmethods="0"/>
          <line num="9" count="4" type="stmt"/>
          <line num="10" count="4" type="cond" truecount="1" falsecount="1"/>
          <line num="11" count="4" type="cond" truecount="1" falsecount="1"/>
        </file>
        <file name="styles.js" path="/Users/dave/repos/github/dwmkerr/gameboard-app/src/theme/styles.js">
          <metrics statements="0" coveredstatements="0" conditionals="0" coveredconditionals="0" methods="0" coveredmethods="0"/>
        </file>
      </package>
    </metrics>
  </project>
</coverage>
