{"/Users/dave/repos/github/dwmkerr/gameboard-app/jest.setup.js": {"path":"/Users/dave/repos/github/dwmkerr/gameboard-app/jest.setup.js","statementMap":{"0":{"start":{"line":3,"column":0},"end":{"line":11,"column":2}},"1":{"start":{"line":4,"column":3},"end":{"line":10,"column":3}},"2":{"start":{"line":14,"column":0},"end":{"line":14,"column":25}},"3":{"start":{"line":17,"column":0},"end":{"line":21,"column":2}},"4":{"start":{"line":18,"column":2},"end":{"line":20,"column":4}},"5":{"start":{"line":19,"column":10},"end":{"line":19,"column":76}},"6":{"start":{"line":19,"column":40},"end":{"line":19,"column":73}},"7":{"start":{"line":24,"column":0},"end":{"line":28,"column":2}},"8":{"start":{"line":25,"column":2},"end":{"line":27,"column":4}},"9":{"start":{"line":26,"column":10},"end":{"line":26,"column":31}}},"fnMap":{"0":{"name":"(anonymous_0)","decl":{"start":{"line":3,"column":21},"end":{"line":3,"column":22}},"loc":{"start":{"line":4,"column":3},"end":{"line":10,"column":3}},"line":4},"1":{"name":"(anonymous_1)","decl":{"start":{"line":17,"column":28},"end":{"line":17,"column":29}},"loc":{"start":{"line":17,"column":38},"end":{"line":21,"column":1}},"line":17},"2":{"name":"(anonymous_2)","decl":{"start":{"line":19,"column":4},"end":{"line":19,"column":5}},"loc":{"start":{"line":19,"column":10},"end":{"line":19,"column":76}},"line":19},"3":{"name":"(anonymous_3)","decl":{"start":{"line":19,"column":34},"end":{"line":19,"column":35}},"loc":{"start":{"line":19,"column":40},"end":{"line":19,"column":73}},"line":19},"4":{"name":"(anonymous_4)","decl":{"start":{"line":24,"column":28},"end":{"line":24,"column":29}},"loc":{"start":{"line":24,"column":39},"end":{"line":28,"column":1}},"line":24},"5":{"name":"(anonymous_5)","decl":{"start":{"line":26,"column":4},"end":{"line":26,"column":5}},"loc":{"start":{"line":26,"column":10},"end":{"line":26,"column":31}},"line":26}},"branchMap":{},"s":{"0":2,"1":0,"2":2,"3":2,"4":0,"5":0,"6":0,"7":2,"8":0,"9":0},"f":{"0":0,"1":0,"2":0,"3":0,"4":0,"5":0},"b":{},"_coverageSchema":"332fd63041d2c1bcb487cc26dd0d5f7d97098a6c","hash":"8c4299f6119fff2c8ddb55a7aa383c2e3a1eef76"}
,"/Users/dave/repos/github/dwmkerr/gameboard-app/src/redux/sidemenu/actions.js": {"path":"/Users/dave/repos/github/dwmkerr/gameboard-app/src/redux/sidemenu/actions.js","statementMap":{"0":{"start":{"line":9,"column":2},"end":{"line":11,"column":4}},"1":{"start":{"line":15,"column":2},"end":{"line":17,"column":4}},"2":{"start":{"line":21,"column":2},"end":{"line":23,"column":4}}},"fnMap":{"0":{"name":"toggle","decl":{"start":{"line":8,"column":16},"end":{"line":8,"column":22}},"loc":{"start":{"line":8,"column":25},"end":{"line":12,"column":1}},"line":8},"1":{"name":"open","decl":{"start":{"line":14,"column":16},"end":{"line":14,"column":20}},"loc":{"start":{"line":14,"column":23},"end":{"line":18,"column":1}},"line":14},"2":{"name":"close","decl":{"start":{"line":20,"column":16},"end":{"line":20,"column":21}},"loc":{"start":{"line":20,"column":24},"end":{"line":24,"column":1}},"line":20}},"branchMap":{},"s":{"0":2,"1":2,"2":2},"f":{"0":2,"1":2,"2":2},"b":{},"_coverageSchema":"332fd63041d2c1bcb487cc26dd0d5f7d97098a6c","hash":"7e2b6dc7337323c71467346f7624e1796c7704b6"}
,"/Users/dave/repos/github/dwmkerr/gameboard-app/src/redux/sidemenu/reducer.js": {"path":"/Users/dave/repos/github/dwmkerr/gameboard-app/src/redux/sidemenu/reducer.js","statementMap":{"0":{"start":{"line":9,"column":28},"end":{"line":12,"column":1}},"1":{"start":{"line":15,"column":2},"end":{"line":33,"column":3}},"2":{"start":{"line":17,"column":6},"end":{"line":20,"column":8}},"3":{"start":{"line":22,"column":6},"end":{"line":25,"column":8}},"4":{"start":{"line":27,"column":6},"end":{"line":30,"column":8}},"5":{"start":{"line":32,"column":6},"end":{"line":32,"column":19}}},"fnMap":{"0":{"name":"sideMenuReducer","decl":{"start":{"line":14,"column":24},"end":{"line":14,"column":39}},"loc":{"start":{"line":14,"column":70},"end":{"line":34,"column":1}},"line":14}},"branchMap":{"0":{"loc":{"start":{"line":14,"column":40},"end":{"line":14,"column":60}},"type":"default-arg","locations":[{"start":{"line":14,"column":48},"end":{"line":14,"column":60}}],"line":14},"1":{"loc":{"start":{"line":15,"column":2},"end":{"line":33,"column":3}},"type":"switch","locations":[{"start":{"line":16,"column":4},"end":{"line":20,"column":8}},{"start":{"line":21,"column":4},"end":{"line":25,"column":8}},{"start":{"line":26,"column":4},"end":{"line":30,"column":8}},{"start":{"line":31,"column":4},"end":{"line":32,"column":19}}],"line":15}},"s":{"0":1,"1":3,"2":1,"3":1,"4":1,"5":0},"f":{"0":3},"b":{"0":[0],"1":[1,1,1,0]},"_coverageSchema":"332fd63041d2c1bcb487cc26dd0d5f7d97098a6c","hash":"25ed4ed9a751729b7fc70c4cc20440dc150ccd73"}
}
