{"/Users/dave/repos/github/dwmkerr/gameboard-app/src/components/general/Error.js": {"path":"/Users/dave/repos/github/dwmkerr/gameboard-app/src/components/general/Error.js","statementMap":{"0":{"start":{"line":21,"column":14},"end":{"line":40,"column":1}},"1":{"start":{"line":22,"column":2},"end":{"line":39,"column":9}},"2":{"start":{"line":42,"column":0},"end":{"line":42,"column":71}},"3":{"start":{"line":43,"column":0},"end":{"line":43,"column":78}},"4":{"start":{"line":44,"column":0},"end":{"line":44,"column":30}}},"fnMap":{"0":{"name":"(anonymous_0)","decl":{"start":{"line":21,"column":14},"end":{"line":21,"column":15}},"loc":{"start":{"line":22,"column":2},"end":{"line":39,"column":9}},"line":22}},"branchMap":{"0":{"loc":{"start":{"line":31,"column":5},"end":{"line":37,"column":8}},"type":"binary-expr","locations":[{"start":{"line":31,"column":5},"end":{"line":31,"column":15}},{"start":{"line":32,"column":6},"end":{"line":37,"column":8}}],"line":31}},"s":{"0":1,"1":2,"2":1,"3":1,"4":1},"f":{"0":2},"b":{"0":[2,1]},"_coverageSchema":"332fd63041d2c1bcb487cc26dd0d5f7d97098a6c","hash":"45d97fa78148c976a88aed83ff3034b67075762c"}
,"/Users/dave/repos/github/dwmkerr/gameboard-app/src/components/general/Loading.js": {"path":"/Users/dave/repos/github/dwmkerr/gameboard-app/src/components/general/Loading.js","statementMap":{"0":{"start":{"line":20,"column":16},"end":{"line":38,"column":1}},"1":{"start":{"line":21,"column":2},"end":{"line":37,"column":9}},"2":{"start":{"line":40,"column":0},"end":{"line":40,"column":76}},"3":{"start":{"line":41,"column":0},"end":{"line":41,"column":58}},"4":{"start":{"line":42,"column":0},"end":{"line":42,"column":34}}},"fnMap":{"0":{"name":"(anonymous_0)","decl":{"start":{"line":20,"column":16},"end":{"line":20,"column":17}},"loc":{"start":{"line":21,"column":2},"end":{"line":37,"column":9}},"line":21}},"branchMap":{"0":{"loc":{"start":{"line":25,"column":6},"end":{"line":25,"column":66}},"type":"binary-expr","locations":[{"start":{"line":25,"column":6},"end":{"line":25,"column":17}},{"start":{"line":25,"column":21},"end":{"line":25,"column":66}}],"line":25},"1":{"loc":{"start":{"line":31,"column":13},"end":{"line":31,"column":42}},"type":"cond-expr","locations":[{"start":{"line":31,"column":27},"end":{"line":31,"column":33}},{"start":{"line":31,"column":36},"end":{"line":31,"column":42}}],"line":31},"2":{"loc":{"start":{"line":36,"column":5},"end":{"line":36,"column":34}},"type":"binary-expr","locations":[{"start":{"line":36,"column":5},"end":{"line":36,"column":11}},{"start":{"line":36,"column":15},"end":{"line":36,"column":34}}],"line":36}},"s":{"0":1,"1":2,"2":1,"3":1,"4":1},"f":{"0":2},"b":{"0":[2,0],"1":[0,2],"2":[2,1]},"_coverageSchema":"332fd63041d2c1bcb487cc26dd0d5f7d97098a6c","hash":"d3cfa056308e51497bfd209295910966ccef6075"}
,"/Users/dave/repos/github/dwmkerr/gameboard-app/src/components/ui/Alerts.js": {"path":"/Users/dave/repos/github/dwmkerr/gameboard-app/src/components/ui/Alerts.js","statementMap":{"0":{"start":{"line":24,"column":15},"end":{"line":63,"column":2}},"1":{"start":{"line":66,"column":15},"end":{"line":104,"column":1}},"2":{"start":{"line":67,"column":2},"end":{"line":103,"column":9}},"3":{"start":{"line":106,"column":0},"end":{"line":110,"column":2}},"4":{"start":{"line":112,"column":0},"end":{"line":116,"column":2}},"5":{"start":{"line":118,"column":0},"end":{"line":118,"column":32}}},"fnMap":{"0":{"name":"(anonymous_0)","decl":{"start":{"line":66,"column":15},"end":{"line":66,"column":16}},"loc":{"start":{"line":67,"column":2},"end":{"line":103,"column":9}},"line":67}},"branchMap":{"0":{"loc":{"start":{"line":68,"column":5},"end":{"line":74,"column":13}},"type":"binary-expr","locations":[{"start":{"line":68,"column":5},"end":{"line":68,"column":14}},{"start":{"line":69,"column":6},"end":{"line":74,"column":13}}],"line":68},"1":{"loc":{"start":{"line":77,"column":5},"end":{"line":85,"column":13}},"type":"binary-expr","locations":[{"start":{"line":77,"column":5},"end":{"line":77,"column":13}},{"start":{"line":78,"column":6},"end":{"line":85,"column":13}}],"line":77},"2":{"loc":{"start":{"line":88,"column":5},"end":{"line":101,"column":13}},"type":"binary-expr","locations":[{"start":{"line":88,"column":5},"end":{"line":88,"column":12}},{"start":{"line":89,"column":6},"end":{"line":101,"column":13}}],"line":88}},"s":{"0":4,"1":4,"2":4,"3":4,"4":4,"5":4},"f":{"0":4},"b":{"0":[4,1],"1":[4,1],"2":[4,1]},"_coverageSchema":"332fd63041d2c1bcb487cc26dd0d5f7d97098a6c","hash":"12f9222dafb133ab295771717b549a4cff23d98a"}
,"/Users/dave/repos/github/dwmkerr/gameboard-app/src/components/ui/Card.js": {"path":"/Users/dave/repos/github/dwmkerr/gameboard-app/src/components/ui/Card.js","statementMap":{"0":{"start":{"line":36,"column":18},"end":{"line":50,"column":5}},"1":{"start":{"line":52,"column":4},"end":{"line":54,"column":5}},"2":{"start":{"line":53,"column":6},"end":{"line":53,"column":59}},"3":{"start":{"line":56,"column":4},"end":{"line":58,"column":5}},"4":{"start":{"line":57,"column":6},"end":{"line":57,"column":51}},"5":{"start":{"line":60,"column":4},"end":{"line":60,"column":17}},"6":{"start":{"line":63,"column":17},"end":{"line":63,"column":47}}},"fnMap":{"0":{"name":"(anonymous_0)","decl":{"start":{"line":34,"column":14},"end":{"line":34,"column":15}},"loc":{"start":{"line":34,"column":20},"end":{"line":61,"column":3}},"line":34},"1":{"name":"(anonymous_1)","decl":{"start":{"line":63,"column":11},"end":{"line":63,"column":12}},"loc":{"start":{"line":63,"column":17},"end":{"line":63,"column":47}},"line":63}},"branchMap":{"0":{"loc":{"start":{"line":52,"column":4},"end":{"line":54,"column":5}},"type":"if","locations":[{"start":{"line":52,"column":4},"end":{"line":54,"column":5}},{"start":{"line":52,"column":4},"end":{"line":54,"column":5}}],"line":52},"1":{"loc":{"start":{"line":56,"column":4},"end":{"line":58,"column":5}},"type":"if","locations":[{"start":{"line":56,"column":4},"end":{"line":58,"column":5}},{"start":{"line":56,"column":4},"end":{"line":58,"column":5}}],"line":56}},"s":{"0":0,"1":0,"2":0,"3":0,"4":0,"5":0,"6":0},"f":{"0":0,"1":0},"b":{"0":[0,0],"1":[0,0]},"_coverageSchema":"332fd63041d2c1bcb487cc26dd0d5f7d97098a6c","hash":"52ac7bbd1dc58ec0ed87e5e77b8b0accaac6dbbe"}
,"/Users/dave/repos/github/dwmkerr/gameboard-app/src/components/ui/FormInput.js": {"path":"/Users/dave/repos/github/dwmkerr/gameboard-app/src/components/ui/FormInput.js","statementMap":{"0":{"start":{"line":6,"column":18},"end":{"line":35,"column":1}},"1":{"start":{"line":16,"column":6},"end":{"line":16,"column":11}},"2":{"start":{"line":17,"column":20},"end":{"line":17,"column":38}},"3":{"start":{"line":19,"column":22},"end":{"line":24,"column":3}},"4":{"start":{"line":20,"column":4},"end":{"line":23,"column":11}},"5":{"start":{"line":26,"column":2},"end":{"line":34,"column":4}},"6":{"start":{"line":37,"column":0},"end":{"line":46,"column":2}},"7":{"start":{"line":48,"column":0},"end":{"line":54,"column":2}}},"fnMap":{"0":{"name":"(anonymous_0)","decl":{"start":{"line":6,"column":18},"end":{"line":6,"column":19}},"loc":{"start":{"line":6,"column":29},"end":{"line":35,"column":1}},"line":6},"1":{"name":"(anonymous_1)","decl":{"start":{"line":19,"column":22},"end":{"line":19,"column":23}},"loc":{"start":{"line":20,"column":4},"end":{"line":23,"column":11}},"line":20}},"branchMap":{"0":{"loc":{"start":{"line":17,"column":20},"end":{"line":17,"column":38}},"type":"binary-expr","locations":[{"start":{"line":17,"column":20},"end":{"line":17,"column":27}},{"start":{"line":17,"column":31},"end":{"line":17,"column":38}}],"line":17},"1":{"loc":{"start":{"line":28,"column":7},"end":{"line":28,"column":44}},"type":"cond-expr","locations":[{"start":{"line":28,"column":15},"end":{"line":28,"column":37}},{"start":{"line":28,"column":40},"end":{"line":28,"column":44}}],"line":28},"2":{"loc":{"start":{"line":31,"column":9},"end":{"line":31,"column":35}},"type":"binary-expr","locations":[{"start":{"line":31,"column":9},"end":{"line":31,"column":18}},{"start":{"line":31,"column":22},"end":{"line":31,"column":35}}],"line":31}},"s":{"0":5,"1":1,"2":1,"3":1,"4":0,"5":1,"6":5,"7":5},"f":{"0":1,"1":0},"b":{"0":[1,0],"1":[0,1],"2":[1,0]},"_coverageSchema":"332fd63041d2c1bcb487cc26dd0d5f7d97098a6c","hash":"e90ed5d1a71277f52f231dae6f89023a5651156e"}
,"/Users/dave/repos/github/dwmkerr/gameboard-app/src/components/ui/FormValidationMessage.js": {"path":"/Users/dave/repos/github/dwmkerr/gameboard-app/src/components/ui/FormValidationMessage.js","statementMap":{"0":{"start":{"line":36,"column":18},"end":{"line":44,"column":5}},"1":{"start":{"line":46,"column":4},"end":{"line":48,"column":5}},"2":{"start":{"line":47,"column":6},"end":{"line":47,"column":59}},"3":{"start":{"line":50,"column":4},"end":{"line":52,"column":5}},"4":{"start":{"line":51,"column":6},"end":{"line":51,"column":51}},"5":{"start":{"line":54,"column":4},"end":{"line":54,"column":17}},"6":{"start":{"line":57,"column":17},"end":{"line":57,"column":48}}},"fnMap":{"0":{"name":"(anonymous_0)","decl":{"start":{"line":34,"column":15},"end":{"line":34,"column":16}},"loc":{"start":{"line":34,"column":21},"end":{"line":55,"column":3}},"line":34},"1":{"name":"(anonymous_1)","decl":{"start":{"line":57,"column":11},"end":{"line":57,"column":12}},"loc":{"start":{"line":57,"column":17},"end":{"line":57,"column":48}},"line":57}},"branchMap":{"0":{"loc":{"start":{"line":46,"column":4},"end":{"line":48,"column":5}},"type":"if","locations":[{"start":{"line":46,"column":4},"end":{"line":48,"column":5}},{"start":{"line":46,"column":4},"end":{"line":48,"column":5}}],"line":46},"1":{"loc":{"start":{"line":50,"column":4},"end":{"line":52,"column":5}},"type":"if","locations":[{"start":{"line":50,"column":4},"end":{"line":52,"column":5}},{"start":{"line":50,"column":4},"end":{"line":52,"column":5}}],"line":50}},"s":{"0":0,"1":0,"2":0,"3":0,"4":0,"5":0,"6":0},"f":{"0":0,"1":0},"b":{"0":[0,0],"1":[0,0]},"_coverageSchema":"332fd63041d2c1bcb487cc26dd0d5f7d97098a6c","hash":"53549cdf5a6bf74fb494d4e37d0b20357861ec29"}
,"/Users/dave/repos/github/dwmkerr/gameboard-app/src/components/ui/GameRankZone.js": {"path":"/Users/dave/repos/github/dwmkerr/gameboard-app/src/components/ui/GameRankZone.js","statementMap":{"0":{"start":{"line":12,"column":15},"end":{"line":25,"column":2}},"1":{"start":{"line":27,"column":21},"end":{"line":43,"column":1}},"2":{"start":{"line":28,"column":16},"end":{"line":28,"column":46}},"3":{"start":{"line":29,"column":19},"end":{"line":29,"column":30}},"4":{"start":{"line":31,"column":19},"end":{"line":33,"column":12}},"5":{"start":{"line":35,"column":2},"end":{"line":42,"column":4}},"6":{"start":{"line":46,"column":0},"end":{"line":49,"column":2}},"7":{"start":{"line":51,"column":0},"end":{"line":53,"column":2}}},"fnMap":{"0":{"name":"(anonymous_0)","decl":{"start":{"line":27,"column":21},"end":{"line":27,"column":22}},"loc":{"start":{"line":27,"column":45},"end":{"line":43,"column":1}},"line":27}},"branchMap":{"0":{"loc":{"start":{"line":31,"column":19},"end":{"line":33,"column":12}},"type":"cond-expr","locations":[{"start":{"line":32,"column":5},"end":{"line":32,"column":113}},{"start":{"line":33,"column":4},"end":{"line":33,"column":12}}],"line":31}},"s":{"0":4,"1":4,"2":0,"3":0,"4":0,"5":0,"6":4,"7":4},"f":{"0":0},"b":{"0":[0,0]},"_coverageSchema":"332fd63041d2c1bcb487cc26dd0d5f7d97098a6c","hash":"c14c58cf8cd4ebb106b3fd42b377612e7f1bd4e9"}
,"/Users/dave/repos/github/dwmkerr/gameboard-app/src/components/ui/JumboButton.js": {"path":"/Users/dave/repos/github/dwmkerr/gameboard-app/src/components/ui/JumboButton.js","statementMap":{"0":{"start":{"line":14,"column":15},"end":{"line":32,"column":2}},"1":{"start":{"line":34,"column":20},"end":{"line":45,"column":1}},"2":{"start":{"line":35,"column":2},"end":{"line":44,"column":11}},"3":{"start":{"line":47,"column":0},"end":{"line":51,"column":2}},"4":{"start":{"line":53,"column":0},"end":{"line":56,"column":2}}},"fnMap":{"0":{"name":"(anonymous_0)","decl":{"start":{"line":34,"column":20},"end":{"line":34,"column":21}},"loc":{"start":{"line":35,"column":2},"end":{"line":44,"column":11}},"line":35}},"branchMap":{},"s":{"0":4,"1":4,"2":0,"3":4,"4":4},"f":{"0":0},"b":{},"_coverageSchema":"332fd63041d2c1bcb487cc26dd0d5f7d97098a6c","hash":"f1107ae95dcb06baae44e62eeeb525da42140c50"}
,"/Users/dave/repos/github/dwmkerr/gameboard-app/src/components/ui/Player.js": {"path":"/Users/dave/repos/github/dwmkerr/gameboard-app/src/components/ui/Player.js","statementMap":{"0":{"start":{"line":6,"column":15},"end":{"line":31,"column":2}},"1":{"start":{"line":33,"column":15},"end":{"line":46,"column":1}},"2":{"start":{"line":34,"column":2},"end":{"line":45,"column":9}},"3":{"start":{"line":48,"column":0},"end":{"line":57,"column":2}},"4":{"start":{"line":59,"column":0},"end":{"line":62,"column":2}}},"fnMap":{"0":{"name":"(anonymous_0)","decl":{"start":{"line":33,"column":15},"end":{"line":33,"column":16}},"loc":{"start":{"line":34,"column":2},"end":{"line":45,"column":9}},"line":34}},"branchMap":{"0":{"loc":{"start":{"line":36,"column":8},"end":{"line":36,"column":90}},"type":"binary-expr","locations":[{"start":{"line":36,"column":9},"end":{"line":36,"column":18}},{"start":{"line":36,"column":23},"end":{"line":36,"column":90}}],"line":36}},"s":{"0":4,"1":4,"2":0,"3":4,"4":4},"f":{"0":0},"b":{"0":[0,0]},"_coverageSchema":"332fd63041d2c1bcb487cc26dd0d5f7d97098a6c","hash":"7f88620fb696a8ad7c8a314d90558357183732b7"}
,"/Users/dave/repos/github/dwmkerr/gameboard-app/src/components/ui/PlayerButton.js": {"path":"/Users/dave/repos/github/dwmkerr/gameboard-app/src/components/ui/PlayerButton.js","statementMap":{"0":{"start":{"line":6,"column":15},"end":{"line":12,"column":2}},"1":{"start":{"line":14,"column":21},"end":{"line":18,"column":1}},"2":{"start":{"line":15,"column":2},"end":{"line":17,"column":11}},"3":{"start":{"line":20,"column":0},"end":{"line":23,"column":2}},"4":{"start":{"line":25,"column":0},"end":{"line":26,"column":2}}},"fnMap":{"0":{"name":"(anonymous_0)","decl":{"start":{"line":14,"column":21},"end":{"line":14,"column":22}},"loc":{"start":{"line":15,"column":2},"end":{"line":17,"column":11}},"line":15}},"branchMap":{},"s":{"0":4,"1":4,"2":0,"3":4,"4":4},"f":{"0":0},"b":{},"_coverageSchema":"332fd63041d2c1bcb487cc26dd0d5f7d97098a6c","hash":"c38ededdaa96727dde8905cd70b948106cd4bc3c"}
,"/Users/dave/repos/github/dwmkerr/gameboard-app/src/components/ui/RankedPlayer.js": {"path":"/Users/dave/repos/github/dwmkerr/gameboard-app/src/components/ui/RankedPlayer.js","statementMap":{"0":{"start":{"line":12,"column":15},"end":{"line":21,"column":2}},"1":{"start":{"line":23,"column":21},"end":{"line":53,"column":1}},"2":{"start":{"line":24,"column":2},"end":{"line":52,"column":9}},"3":{"start":{"line":55,"column":0},"end":{"line":59,"column":2}},"4":{"start":{"line":61,"column":0},"end":{"line":64,"column":2}}},"fnMap":{"0":{"name":"(anonymous_0)","decl":{"start":{"line":23,"column":21},"end":{"line":23,"column":22}},"loc":{"start":{"line":24,"column":2},"end":{"line":52,"column":9}},"line":24}},"branchMap":{"0":{"loc":{"start":{"line":29,"column":8},"end":{"line":38,"column":15}},"type":"binary-expr","locations":[{"start":{"line":29,"column":8},"end":{"line":29,"column":16}},{"start":{"line":30,"column":8},"end":{"line":38,"column":15}}],"line":29},"1":{"loc":{"start":{"line":40,"column":8},"end":{"line":49,"column":13}},"type":"binary-expr","locations":[{"start":{"line":40,"column":8},"end":{"line":40,"column":14}},{"start":{"line":41,"column":6},"end":{"line":49,"column":13}}],"line":40}},"s":{"0":4,"1":4,"2":0,"3":4,"4":4},"f":{"0":0},"b":{"0":[0,0],"1":[0,0]},"_coverageSchema":"332fd63041d2c1bcb487cc26dd0d5f7d97098a6c","hash":"f98cd82b5e9c4c2112eb6d140a4ddbe167c7ee0b"}
,"/Users/dave/repos/github/dwmkerr/gameboard-app/src/components/ui/Spacer.js": {"path":"/Users/dave/repos/github/dwmkerr/gameboard-app/src/components/ui/Spacer.js","statementMap":{"0":{"start":{"line":14,"column":15},"end":{"line":23,"column":1}},"1":{"start":{"line":15,"column":2},"end":{"line":22,"column":4}},"2":{"start":{"line":25,"column":0},"end":{"line":25,"column":46}},"3":{"start":{"line":26,"column":0},"end":{"line":26,"column":35}},"4":{"start":{"line":27,"column":0},"end":{"line":27,"column":32}}},"fnMap":{"0":{"name":"(anonymous_0)","decl":{"start":{"line":14,"column":15},"end":{"line":14,"column":16}},"loc":{"start":{"line":15,"column":2},"end":{"line":22,"column":4}},"line":15}},"branchMap":{},"s":{"0":4,"1":9,"2":4,"3":4,"4":4},"f":{"0":9},"b":{},"_coverageSchema":"332fd63041d2c1bcb487cc26dd0d5f7d97098a6c","hash":"89eb289fc79476b44c62d4ae0b8eb5a4207c3997"}
,"/Users/dave/repos/github/dwmkerr/gameboard-app/src/components/ui/Text.js": {"path":"/Users/dave/repos/github/dwmkerr/gameboard-app/src/components/ui/Text.js","statementMap":{"0":{"start":{"line":47,"column":18},"end":{"line":50,"column":5}},"1":{"start":{"line":52,"column":4},"end":{"line":52,"column":50}},"2":{"start":{"line":52,"column":22},"end":{"line":52,"column":50}},"3":{"start":{"line":53,"column":4},"end":{"line":53,"column":52}},"4":{"start":{"line":53,"column":23},"end":{"line":53,"column":52}},"5":{"start":{"line":54,"column":4},"end":{"line":54,"column":52}},"6":{"start":{"line":54,"column":23},"end":{"line":54,"column":52}},"7":{"start":{"line":55,"column":4},"end":{"line":55,"column":52}},"8":{"start":{"line":55,"column":23},"end":{"line":55,"column":52}},"9":{"start":{"line":56,"column":4},"end":{"line":56,"column":52}},"10":{"start":{"line":56,"column":23},"end":{"line":56,"column":52}},"11":{"start":{"line":57,"column":4},"end":{"line":57,"column":52}},"12":{"start":{"line":57,"column":23},"end":{"line":57,"column":52}},"13":{"start":{"line":58,"column":4},"end":{"line":58,"column":61}},"14":{"start":{"line":58,"column":28},"end":{"line":58,"column":61}},"15":{"start":{"line":60,"column":4},"end":{"line":62,"column":5}},"16":{"start":{"line":61,"column":6},"end":{"line":61,"column":41}},"17":{"start":{"line":64,"column":4},"end":{"line":64,"column":17}},"18":{"start":{"line":67,"column":17},"end":{"line":67,"column":73}}},"fnMap":{"0":{"name":"(anonymous_0)","decl":{"start":{"line":45,"column":14},"end":{"line":45,"column":15}},"loc":{"start":{"line":45,"column":20},"end":{"line":65,"column":3}},"line":45},"1":{"name":"(anonymous_1)","decl":{"start":{"line":67,"column":11},"end":{"line":67,"column":12}},"loc":{"start":{"line":67,"column":17},"end":{"line":67,"column":73}},"line":67}},"branchMap":{"0":{"loc":{"start":{"line":52,"column":4},"end":{"line":52,"column":50}},"type":"if","locations":[{"start":{"line":52,"column":4},"end":{"line":52,"column":50}},{"start":{"line":52,"column":4},"end":{"line":52,"column":50}}],"line":52},"1":{"loc":{"start":{"line":53,"column":4},"end":{"line":53,"column":52}},"type":"if","locations":[{"start":{"line":53,"column":4},"end":{"line":53,"column":52}},{"start":{"line":53,"column":4},"end":{"line":53,"column":52}}],"line":53},"2":{"loc":{"start":{"line":54,"column":4},"end":{"line":54,"column":52}},"type":"if","locations":[{"start":{"line":54,"column":4},"end":{"line":54,"column":52}},{"start":{"line":54,"column":4},"end":{"line":54,"column":52}}],"line":54},"3":{"loc":{"start":{"line":55,"column":4},"end":{"line":55,"column":52}},"type":"if","locations":[{"start":{"line":55,"column":4},"end":{"line":55,"column":52}},{"start":{"line":55,"column":4},"end":{"line":55,"column":52}}],"line":55},"4":{"loc":{"start":{"line":56,"column":4},"end":{"line":56,"column":52}},"type":"if","locations":[{"start":{"line":56,"column":4},"end":{"line":56,"column":52}},{"start":{"line":56,"column":4},"end":{"line":56,"column":52}}],"line":56},"5":{"loc":{"start":{"line":57,"column":4},"end":{"line":57,"column":52}},"type":"if","locations":[{"start":{"line":57,"column":4},"end":{"line":57,"column":52}},{"start":{"line":57,"column":4},"end":{"line":57,"column":52}}],"line":57},"6":{"loc":{"start":{"line":58,"column":4},"end":{"line":58,"column":61}},"type":"if","locations":[{"start":{"line":58,"column":4},"end":{"line":58,"column":61}},{"start":{"line":58,"column":4},"end":{"line":58,"column":61}}],"line":58},"7":{"loc":{"start":{"line":60,"column":4},"end":{"line":62,"column":5}},"type":"if","locations":[{"start":{"line":60,"column":4},"end":{"line":62,"column":5}},{"start":{"line":60,"column":4},"end":{"line":62,"column":5}}],"line":60}},"s":{"0":14,"1":14,"2":1,"3":14,"4":2,"5":14,"6":1,"7":14,"8":1,"9":14,"10":1,"11":14,"12":1,"13":14,"14":1,"15":14,"16":5,"17":14,"18":14},"f":{"0":14,"1":14},"b":{"0":[1,13],"1":[2,12],"2":[1,13],"3":[1,13],"4":[1,13],"5":[1,13],"6":[1,13],"7":[5,9]},"_coverageSchema":"332fd63041d2c1bcb487cc26dd0d5f7d97098a6c","hash":"3d18128fad495f18821bf2e447b83f871d854059"}
,"/Users/dave/repos/github/dwmkerr/gameboard-app/src/components/ui/WizardPage.js": {"path":"/Users/dave/repos/github/dwmkerr/gameboard-app/src/components/ui/WizardPage.js","statementMap":{"0":{"start":{"line":6,"column":15},"end":{"line":27,"column":2}},"1":{"start":{"line":29,"column":19},"end":{"line":60,"column":1}},"2":{"start":{"line":36,"column":6},"end":{"line":36,"column":11}},"3":{"start":{"line":37,"column":2},"end":{"line":59,"column":4}},"4":{"start":{"line":62,"column":0},"end":{"line":68,"column":2}},"5":{"start":{"line":70,"column":0},"end":{"line":76,"column":2}}},"fnMap":{"0":{"name":"(anonymous_0)","decl":{"start":{"line":29,"column":19},"end":{"line":29,"column":20}},"loc":{"start":{"line":29,"column":30},"end":{"line":60,"column":1}},"line":29}},"branchMap":{"0":{"loc":{"start":{"line":43,"column":10},"end":{"line":48,"column":17}},"type":"binary-expr","locations":[{"start":{"line":43,"column":10},"end":{"line":43,"column":20}},{"start":{"line":44,"column":10},"end":{"line":48,"column":17}}],"line":43},"1":{"loc":{"start":{"line":50,"column":10},"end":{"line":55,"column":17}},"type":"binary-expr","locations":[{"start":{"line":50,"column":10},"end":{"line":50,"column":16}},{"start":{"line":51,"column":10},"end":{"line":55,"column":17}}],"line":50}},"s":{"0":4,"1":4,"2":0,"3":0,"4":4,"5":4},"f":{"0":0},"b":{"0":[0,0],"1":[0,0]},"_coverageSchema":"332fd63041d2c1bcb487cc26dd0d5f7d97098a6c","hash":"2a6e7669bce14bf90a4a0b7a4ba8f1d0fb12f7e9"}
,"/Users/dave/repos/github/dwmkerr/gameboard-app/src/components/ui/index.js": {"path":"/Users/dave/repos/github/dwmkerr/gameboard-app/src/components/ui/index.js","statementMap":{},"fnMap":{},"branchMap":{},"s":{},"f":{},"b":{},"_coverageSchema":"332fd63041d2c1bcb487cc26dd0d5f7d97098a6c","hash":"f5580575f690be2fbf30a878409b06df276d288a"}
,"/Users/dave/repos/github/dwmkerr/gameboard-app/src/redux/router/reducer.js": {"path":"/Users/dave/repos/github/dwmkerr/gameboard-app/src/redux/router/reducer.js","statementMap":{"0":{"start":{"line":10,"column":21},"end":{"line":12,"column":1}},"1":{"start":{"line":15,"column":2},"end":{"line":27,"column":3}},"2":{"start":{"line":18,"column":6},"end":{"line":21,"column":8}},"3":{"start":{"line":26,"column":6},"end":{"line":26,"column":19}}},"fnMap":{"0":{"name":"routerReducer","decl":{"start":{"line":14,"column":24},"end":{"line":14,"column":37}},"loc":{"start":{"line":14,"column":68},"end":{"line":28,"column":1}},"line":14}},"branchMap":{"0":{"loc":{"start":{"line":14,"column":38},"end":{"line":14,"column":58}},"type":"default-arg","locations":[{"start":{"line":14,"column":46},"end":{"line":14,"column":58}}],"line":14},"1":{"loc":{"start":{"line":15,"column":2},"end":{"line":27,"column":3}},"type":"switch","locations":[{"start":{"line":17,"column":4},"end":{"line":21,"column":8}},{"start":{"line":25,"column":4},"end":{"line":26,"column":19}}],"line":15}},"s":{"0":1,"1":1,"2":0,"3":1},"f":{"0":1},"b":{"0":[1],"1":[0,1]},"_coverageSchema":"332fd63041d2c1bcb487cc26dd0d5f7d97098a6c","hash":"5f16790e75824b80f1f85e268e0ebaeef629cc37"}
,"/Users/dave/repos/github/dwmkerr/gameboard-app/src/redux/sidemenu/actions.js": {"path":"/Users/dave/repos/github/dwmkerr/gameboard-app/src/redux/sidemenu/actions.js","statementMap":{"0":{"start":{"line":9,"column":2},"end":{"line":11,"column":4}},"1":{"start":{"line":15,"column":2},"end":{"line":17,"column":4}},"2":{"start":{"line":21,"column":2},"end":{"line":23,"column":4}}},"fnMap":{"0":{"name":"toggle","decl":{"start":{"line":8,"column":16},"end":{"line":8,"column":22}},"loc":{"start":{"line":8,"column":25},"end":{"line":12,"column":1}},"line":8},"1":{"name":"open","decl":{"start":{"line":14,"column":16},"end":{"line":14,"column":20}},"loc":{"start":{"line":14,"column":23},"end":{"line":18,"column":1}},"line":14},"2":{"name":"close","decl":{"start":{"line":20,"column":16},"end":{"line":20,"column":21}},"loc":{"start":{"line":20,"column":24},"end":{"line":24,"column":1}},"line":20}},"branchMap":{},"s":{"0":2,"1":2,"2":2},"f":{"0":2,"1":2,"2":2},"b":{},"_coverageSchema":"332fd63041d2c1bcb487cc26dd0d5f7d97098a6c","hash":"7e2b6dc7337323c71467346f7624e1796c7704b6"}
,"/Users/dave/repos/github/dwmkerr/gameboard-app/src/redux/sidemenu/reducer.js": {"path":"/Users/dave/repos/github/dwmkerr/gameboard-app/src/redux/sidemenu/reducer.js","statementMap":{"0":{"start":{"line":9,"column":28},"end":{"line":12,"column":1}},"1":{"start":{"line":15,"column":2},"end":{"line":33,"column":3}},"2":{"start":{"line":17,"column":6},"end":{"line":20,"column":8}},"3":{"start":{"line":22,"column":6},"end":{"line":25,"column":8}},"4":{"start":{"line":27,"column":6},"end":{"line":30,"column":8}},"5":{"start":{"line":32,"column":6},"end":{"line":32,"column":19}}},"fnMap":{"0":{"name":"sideMenuReducer","decl":{"start":{"line":14,"column":24},"end":{"line":14,"column":39}},"loc":{"start":{"line":14,"column":70},"end":{"line":34,"column":1}},"line":14}},"branchMap":{"0":{"loc":{"start":{"line":14,"column":40},"end":{"line":14,"column":60}},"type":"default-arg","locations":[{"start":{"line":14,"column":48},"end":{"line":14,"column":60}}],"line":14},"1":{"loc":{"start":{"line":15,"column":2},"end":{"line":33,"column":3}},"type":"switch","locations":[{"start":{"line":16,"column":4},"end":{"line":20,"column":8}},{"start":{"line":21,"column":4},"end":{"line":25,"column":8}},{"start":{"line":26,"column":4},"end":{"line":30,"column":8}},{"start":{"line":31,"column":4},"end":{"line":32,"column":19}}],"line":15}},"s":{"0":1,"1":3,"2":1,"3":1,"4":1,"5":0},"f":{"0":3},"b":{"0":[0],"1":[1,1,1,0]},"_coverageSchema":"332fd63041d2c1bcb487cc26dd0d5f7d97098a6c","hash":"25ed4ed9a751729b7fc70c4cc20440dc150ccd73"}
,"/Users/dave/repos/github/dwmkerr/gameboard-app/src/theme/colors.js": {"path":"/Users/dave/repos/github/dwmkerr/gameboard-app/src/theme/colors.js","statementMap":{"0":{"start":{"line":8,"column":12},"end":{"line":12,"column":1}},"1":{"start":{"line":14,"column":14},"end":{"line":19,"column":1}},"2":{"start":{"line":21,"column":13},"end":{"line":26,"column":1}},"3":{"start":{"line":28,"column":16},"end":{"line":30,"column":1}},"4":{"start":{"line":32,"column":15},"end":{"line":38,"column":1}}},"fnMap":{},"branchMap":{},"s":{"0":4,"1":4,"2":4,"3":4,"4":4},"f":{},"b":{},"_coverageSchema":"332fd63041d2c1bcb487cc26dd0d5f7d97098a6c","hash":"43778a8d744281faabb891444bb5be31e2d9d3ac"}
,"/Users/dave/repos/github/dwmkerr/gameboard-app/src/theme/fonts.js": {"path":"/Users/dave/repos/github/dwmkerr/gameboard-app/src/theme/fonts.js","statementMap":{"0":{"start":{"line":10,"column":21},"end":{"line":10,"column":49}},"1":{"start":{"line":11,"column":2},"end":{"line":11,"column":58}},"2":{"start":{"line":14,"column":13},"end":{"line":25,"column":1}}},"fnMap":{"0":{"name":"lineHeight","decl":{"start":{"line":9,"column":9},"end":{"line":9,"column":19}},"loc":{"start":{"line":9,"column":30},"end":{"line":12,"column":1}},"line":9}},"branchMap":{"0":{"loc":{"start":{"line":10,"column":21},"end":{"line":10,"column":49}},"type":"cond-expr","locations":[{"start":{"line":10,"column":39},"end":{"line":10,"column":42}},{"start":{"line":10,"column":45},"end":{"line":10,"column":49}}],"line":10}},"s":{"0":20,"1":20,"2":4},"f":{"0":20},"b":{"0":[12,8]},"_coverageSchema":"332fd63041d2c1bcb487cc26dd0d5f7d97098a6c","hash":"a7d9b9c89ae66a3854158f919e94e72ef1ecea7b"}
,"/Users/dave/repos/github/dwmkerr/gameboard-app/src/theme/index.js": {"path":"/Users/dave/repos/github/dwmkerr/gameboard-app/src/theme/index.js","statementMap":{},"fnMap":{},"branchMap":{},"s":{},"f":{},"b":{},"_coverageSchema":"332fd63041d2c1bcb487cc26dd0d5f7d97098a6c","hash":"82a87d86b5a6640d1cac21d900c40f50d079aad5"}
,"/Users/dave/repos/github/dwmkerr/gameboard-app/src/theme/sizes.js": {"path":"/Users/dave/repos/github/dwmkerr/gameboard-app/src/theme/sizes.js","statementMap":{"0":{"start":{"line":9,"column":26},"end":{"line":9,"column":50}},"1":{"start":{"line":10,"column":21},"end":{"line":10,"column":52}},"2":{"start":{"line":11,"column":20},"end":{"line":11,"column":51}}},"fnMap":{},"branchMap":{"0":{"loc":{"start":{"line":10,"column":21},"end":{"line":10,"column":52}},"type":"cond-expr","locations":[{"start":{"line":10,"column":38},"end":{"line":10,"column":44}},{"start":{"line":10,"column":47},"end":{"line":10,"column":52}}],"line":10},"1":{"loc":{"start":{"line":11,"column":20},"end":{"line":11,"column":51}},"type":"cond-expr","locations":[{"start":{"line":11,"column":37},"end":{"line":11,"column":42}},{"start":{"line":11,"column":45},"end":{"line":11,"column":51}}],"line":11},"2":{"loc":{"start":{"line":25,"column":16},"end":{"line":25,"column":49}},"type":"cond-expr","locations":[{"start":{"line":25,"column":42},"end":{"line":25,"column":44}},{"start":{"line":25,"column":47},"end":{"line":25,"column":49}}],"line":25},"3":{"loc":{"start":{"line":26,"column":19},"end":{"line":26,"column":51}},"type":"cond-expr","locations":[{"start":{"line":26,"column":45},"end":{"line":26,"column":47}},{"start":{"line":26,"column":50},"end":{"line":26,"column":51}}],"line":26}},"s":{"0":4,"1":4,"2":4},"f":{},"b":{"0":[4,0],"1":[4,0],"2":[4,0],"3":[4,0]},"_coverageSchema":"332fd63041d2c1bcb487cc26dd0d5f7d97098a6c","hash":"f624e182602e6e8dd482d3aa00e63ed9749825c7"}
,"/Users/dave/repos/github/dwmkerr/gameboard-app/src/theme/styles.js": {"path":"/Users/dave/repos/github/dwmkerr/gameboard-app/src/theme/styles.js","statementMap":{},"fnMap":{},"branchMap":{},"s":{},"f":{},"b":{},"_coverageSchema":"332fd63041d2c1bcb487cc26dd0d5f7d97098a6c","hash":"27c0e9edf46f0955ba370ceee4b76cdc610d15b7"}
}
