TN:
SF:/Users/dave/repos/github/dwmkerr/gameboard-app/jest.setup.js
FN:3,(anonymous_0)
FN:17,(anonymous_1)
FN:19,(anonymous_2)
FN:19,(anonymous_3)
FN:24,(anonymous_4)
FN:26,(anonymous_5)
FNF:6
FNH:0
FNDA:0,(anonymous_0)
FNDA:0,(anonymous_1)
FNDA:0,(anonymous_2)
FNDA:0,(anonymous_3)
FNDA:0,(anonymous_4)
FNDA:0,(anonymous_5)
DA:3,2
DA:4,0
DA:14,2
DA:17,2
DA:18,0
DA:19,0
DA:24,2
DA:25,0
DA:26,0
LF:9
LH:4
BRF:0
BRH:0
end_of_record
TN:
SF:/Users/dave/repos/github/dwmkerr/gameboard-app/src/redux/sidemenu/actions.js
FN:8,toggle
FN:14,open
FN:20,close
FNF:3
FNH:3
FNDA:2,toggle
FNDA:2,open
FNDA:2,close
DA:9,2
DA:15,2
DA:21,2
LF:3
LH:3
BRF:0
BRH:0
end_of_record
TN:
SF:/Users/dave/repos/github/dwmkerr/gameboard-app/src/redux/sidemenu/reducer.js
FN:14,sideMenuReducer
FNF:1
FNH:1
FNDA:3,sideMenuReducer
DA:9,1
DA:15,3
DA:17,1
DA:22,1
DA:27,1
DA:32,0
LF:6
LH:5
BRDA:14,0,0,0
BRDA:15,1,0,1
BRDA:15,1,1,1
BRDA:15,1,2,1
BRDA:15,1,3,0
BRF:5
BRH:3
end_of_record
