TN:
SF:/Users/dave/repos/github/dwmkerr/gameboard-app/src/components/general/Error.js
FN:21,(anonymous_0)
FNF:1
FNH:1
FNDA:2,(anonymous_0)
DA:21,1
DA:22,2
DA:42,1
DA:43,1
DA:44,1
LF:5
LH:5
BRDA:31,0,0,2
BRDA:31,0,1,1
BRF:2
BRH:2
end_of_record
TN:
SF:/Users/dave/repos/github/dwmkerr/gameboard-app/src/components/general/Loading.js
FN:20,(anonymous_0)
FNF:1
FNH:1
FNDA:2,(anonymous_0)
DA:20,1
DA:21,2
DA:40,1
DA:41,1
DA:42,1
LF:5
LH:5
BRDA:25,0,0,2
BRDA:25,0,1,0
BRDA:31,1,0,0
BRDA:31,1,1,2
BRDA:36,2,0,2
BRDA:36,2,1,1
BRF:6
BRH:4
end_of_record
TN:
SF:/Users/dave/repos/github/dwmkerr/gameboard-app/src/components/ui/Alerts.js
FN:66,(anonymous_0)
FNF:1
FNH:1
FNDA:4,(anonymous_0)
DA:24,4
DA:66,4
DA:67,4
DA:106,4
DA:112,4
DA:118,4
LF:6
LH:6
BRDA:68,0,0,4
BRDA:68,0,1,1
BRDA:77,1,0,4
BRDA:77,1,1,1
BRDA:88,2,0,4
BRDA:88,2,1,1
BRF:6
BRH:6
end_of_record
TN:
SF:/Users/dave/repos/github/dwmkerr/gameboard-app/src/components/ui/Card.js
FN:34,(anonymous_0)
FN:63,(anonymous_1)
FNF:2
FNH:0
FNDA:0,(anonymous_0)
FNDA:0,(anonymous_1)
DA:36,0
DA:52,0
DA:53,0
DA:56,0
DA:57,0
DA:60,0
DA:63,0
LF:7
LH:0
BRDA:52,0,0,0
BRDA:52,0,1,0
BRDA:56,1,0,0
BRDA:56,1,1,0
BRF:4
BRH:0
end_of_record
TN:
SF:/Users/dave/repos/github/dwmkerr/gameboard-app/src/components/ui/FormInput.js
FN:6,(anonymous_0)
FN:19,(anonymous_1)
FNF:2
FNH:1
FNDA:1,(anonymous_0)
FNDA:0,(anonymous_1)
DA:6,5
DA:16,1
DA:17,1
DA:19,1
DA:20,0
DA:26,1
DA:37,5
DA:48,5
LF:8
LH:7
BRDA:17,0,0,1
BRDA:17,0,1,0
BRDA:28,1,0,0
BRDA:28,1,1,1
BRDA:31,2,0,1
BRDA:31,2,1,0
BRF:6
BRH:3
end_of_record
TN:
SF:/Users/dave/repos/github/dwmkerr/gameboard-app/src/components/ui/FormValidationMessage.js
FN:34,(anonymous_0)
FN:57,(anonymous_1)
FNF:2
FNH:0
FNDA:0,(anonymous_0)
FNDA:0,(anonymous_1)
DA:36,0
DA:46,0
DA:47,0
DA:50,0
DA:51,0
DA:54,0
DA:57,0
LF:7
LH:0
BRDA:46,0,0,0
BRDA:46,0,1,0
BRDA:50,1,0,0
BRDA:50,1,1,0
BRF:4
BRH:0
end_of_record
TN:
SF:/Users/dave/repos/github/dwmkerr/gameboard-app/src/components/ui/GameRankZone.js
FN:27,(anonymous_0)
FNF:1
FNH:0
FNDA:0,(anonymous_0)
DA:12,4
DA:27,4
DA:28,0
DA:29,0
DA:31,0
DA:35,0
DA:46,4
DA:51,4
LF:8
LH:4
BRDA:31,0,0,0
BRDA:31,0,1,0
BRF:2
BRH:0
end_of_record
TN:
SF:/Users/dave/repos/github/dwmkerr/gameboard-app/src/components/ui/JumboButton.js
FN:34,(anonymous_0)
FNF:1
FNH:0
FNDA:0,(anonymous_0)
DA:14,4
DA:34,4
DA:35,0
DA:47,4
DA:53,4
LF:5
LH:4
BRF:0
BRH:0
end_of_record
TN:
SF:/Users/dave/repos/github/dwmkerr/gameboard-app/src/components/ui/Player.js
FN:33,(anonymous_0)
FNF:1
FNH:0
FNDA:0,(anonymous_0)
DA:6,4
DA:33,4
DA:34,0
DA:48,4
DA:59,4
LF:5
LH:4
BRDA:36,0,0,0
BRDA:36,0,1,0
BRF:2
BRH:0
end_of_record
TN:
SF:/Users/dave/repos/github/dwmkerr/gameboard-app/src/components/ui/PlayerButton.js
FN:14,(anonymous_0)
FNF:1
FNH:0
FNDA:0,(anonymous_0)
DA:6,4
DA:14,4
DA:15,0
DA:20,4
DA:25,4
LF:5
LH:4
BRF:0
BRH:0
end_of_record
TN:
SF:/Users/dave/repos/github/dwmkerr/gameboard-app/src/components/ui/RankedPlayer.js
FN:23,(anonymous_0)
FNF:1
FNH:0
FNDA:0,(anonymous_0)
DA:12,4
DA:23,4
DA:24,0
DA:55,4
DA:61,4
LF:5
LH:4
BRDA:29,0,0,0
BRDA:29,0,1,0
BRDA:40,1,0,0
BRDA:40,1,1,0
BRF:4
BRH:0
end_of_record
TN:
SF:/Users/dave/repos/github/dwmkerr/gameboard-app/src/components/ui/Spacer.js
FN:14,(anonymous_0)
FNF:1
FNH:1
FNDA:9,(anonymous_0)
DA:14,4
DA:15,9
DA:25,4
DA:26,4
DA:27,4
LF:5
LH:5
BRF:0
BRH:0
end_of_record
TN:
SF:/Users/dave/repos/github/dwmkerr/gameboard-app/src/components/ui/Text.js
FN:45,(anonymous_0)
FN:67,(anonymous_1)
FNF:2
FNH:2
FNDA:14,(anonymous_0)
FNDA:14,(anonymous_1)
DA:47,14
DA:52,14
DA:53,14
DA:54,14
DA:55,14
DA:56,14
DA:57,14
DA:58,14
DA:60,14
DA:61,5
DA:64,14
DA:67,14
LF:12
LH:12
BRDA:52,0,0,1
BRDA:52,0,1,13
BRDA:53,1,0,2
BRDA:53,1,1,12
BRDA:54,2,0,1
BRDA:54,2,1,13
BRDA:55,3,0,1
BRDA:55,3,1,13
BRDA:56,4,0,1
BRDA:56,4,1,13
BRDA:57,5,0,1
BRDA:57,5,1,13
BRDA:58,6,0,1
BRDA:58,6,1,13
BRDA:60,7,0,5
BRDA:60,7,1,9
BRF:16
BRH:16
end_of_record
TN:
SF:/Users/dave/repos/github/dwmkerr/gameboard-app/src/components/ui/WizardPage.js
FN:29,(anonymous_0)
FNF:1
FNH:0
FNDA:0,(anonymous_0)
DA:6,4
DA:29,4
DA:36,0
DA:37,0
DA:62,4
DA:70,4
LF:6
LH:4
BRDA:43,0,0,0
BRDA:43,0,1,0
BRDA:50,1,0,0
BRDA:50,1,1,0
BRF:4
BRH:0
end_of_record
TN:
SF:/Users/dave/repos/github/dwmkerr/gameboard-app/src/components/ui/index.js
FNF:0
FNH:0
LF:0
LH:0
BRF:0
BRH:0
end_of_record
TN:
SF:/Users/dave/repos/github/dwmkerr/gameboard-app/src/redux/router/reducer.js
FN:14,routerReducer
FNF:1
FNH:1
FNDA:1,routerReducer
DA:10,1
DA:15,1
DA:18,0
DA:26,1
LF:4
LH:3
BRDA:14,0,0,1
BRDA:15,1,0,0
BRDA:15,1,1,1
BRF:3
BRH:2
end_of_record
TN:
SF:/Users/dave/repos/github/dwmkerr/gameboard-app/src/redux/sidemenu/actions.js
FN:8,toggle
FN:14,open
FN:20,close
FNF:3
FNH:3
FNDA:2,toggle
FNDA:2,open
FNDA:2,close
DA:9,2
DA:15,2
DA:21,2
LF:3
LH:3
BRF:0
BRH:0
end_of_record
TN:
SF:/Users/dave/repos/github/dwmkerr/gameboard-app/src/redux/sidemenu/reducer.js
FN:14,sideMenuReducer
FNF:1
FNH:1
FNDA:3,sideMenuReducer
DA:9,1
DA:15,3
DA:17,1
DA:22,1
DA:27,1
DA:32,0
LF:6
LH:5
BRDA:14,0,0,0
BRDA:15,1,0,1
BRDA:15,1,1,1
BRDA:15,1,2,1
BRDA:15,1,3,0
BRF:5
BRH:3
end_of_record
TN:
SF:/Users/dave/repos/github/dwmkerr/gameboard-app/src/theme/colors.js
FNF:0
FNH:0
DA:8,4
DA:14,4
DA:21,4
DA:28,4
DA:32,4
LF:5
LH:5
BRF:0
BRH:0
end_of_record
TN:
SF:/Users/dave/repos/github/dwmkerr/gameboard-app/src/theme/fonts.js
FN:9,lineHeight
FNF:1
FNH:1
FNDA:20,lineHeight
DA:10,20
DA:11,20
DA:14,4
LF:3
LH:3
BRDA:10,0,0,12
BRDA:10,0,1,8
BRF:2
BRH:2
end_of_record
TN:
SF:/Users/dave/repos/github/dwmkerr/gameboard-app/src/theme/index.js
FNF:0
FNH:0
LF:0
LH:0
BRF:0
BRH:0
end_of_record
TN:
SF:/Users/dave/repos/github/dwmkerr/gameboard-app/src/theme/sizes.js
FNF:0
FNH:0
DA:9,4
DA:10,4
DA:11,4
LF:3
LH:3
BRDA:10,0,0,4
BRDA:10,0,1,0
BRDA:11,1,0,4
BRDA:11,1,1,0
BRDA:25,2,0,4
BRDA:25,2,1,0
BRDA:26,3,0,4
BRDA:26,3,1,0
BRF:8
BRH:4
end_of_record
TN:
SF:/Users/dave/repos/github/dwmkerr/gameboard-app/src/theme/styles.js
FNF:0
FNH:0
LF:0
LH:0
BRF:0
BRH:0
end_of_record
